<?xml version="1.0" encoding="UTF-8"?>
<!-- Generated by org.testng.reporters.JUnitXMLReporter -->
<testsuite ignored="0" hostname="admins-MacBook-Air.local" failures="2" tests="8" name="Test" time="84.882" errors="0" timestamp="2020-05-31T00:14:39 PDT">
  <testcase classname="com.HRMS.testcases.LoginTest" name="emptyUserName" time="0.354"/>
  <testcase classname="com.HRMS.testcases.LoginTest" name="invalidCreden" time="0.648"/>
  <testcase classname="com.HRMS.testcases.LoginTest" name="validAdminLogin" time="2.378"/>
  <testcase classname="com.HRMS.testcases.dataProviderTest" name="HRMS" time="12.088"/>
  <testcase classname="com.HRMS.testcases.dataProviderTest" name="HRMS" time="14.911">
    <failure type="org.openqa.selenium.NoSuchElementException" message="Cannot locate an element using id=profile-pic
For documentation on this error, please visit: https://www.seleniumhq.org/exceptions/no_such_element.html
Build info: version: &amp;apos;3.141.59&amp;apos;, revision: &amp;apos;e82be7d358&amp;apos;, time: &amp;apos;2018-11-14T08:17:03&amp;apos;
System info: host: &amp;apos;admins-MacBook-Air.local&amp;apos;, ip: &amp;apos;fe80:0:0:0:c43:ee0:6b18:c317%en0&amp;apos;, os.name: &amp;apos;Mac OS X&amp;apos;, os.arch: &amp;apos;x86_64&amp;apos;, os.version: &amp;apos;10.15.4&amp;apos;, java.version: &amp;apos;13.0.2&amp;apos;
Driver info: driver.version: RemoteWebDriver">
      <![CDATA[org.openqa.selenium.NoSuchElementException: Cannot locate an element using id=profile-pic
For documentation on this error, please visit: https://www.seleniumhq.org/exceptions/no_such_element.html
Build info: version: '3.141.59', revision: 'e82be7d358', time: '2018-11-14T08:17:03'
System info: host: 'admins-MacBook-Air.local', ip: 'fe80:0:0:0:c43:ee0:6b18:c317%en0', os.name: 'Mac OS X', os.arch: 'x86_64', os.version: '10.15.4', java.version: '13.0.2'
Driver info: driver.version: RemoteWebDriver
at org.openqa.selenium.remote.RemoteWebDriver.findElement(RemoteWebDriver.java:327)
at org.openqa.selenium.remote.RemoteWebDriver.findElementById(RemoteWebDriver.java:372)
at org.openqa.selenium.By$ById.findElement(By.java:188)
at org.openqa.selenium.remote.RemoteWebDriver.findElement(RemoteWebDriver.java:315)
at org.openqa.selenium.support.pagefactory.DefaultElementLocator.findElement(DefaultElementLocator.java:69)
at org.openqa.selenium.support.pagefactory.internal.LocatingElementHandler.invoke(LocatingElementHandler.java:38)
at com.sun.proxy.$Proxy13.getText(Unknown Source)
at com.HRMS.pages.addEmployeePage.addEmployee(addEmployeePage.java:85)
at com.HRMS.testcases.dataProviderTest.HRMS(dataProviderTest.java:18)
at java.base/java.util.ArrayList.forEach(ArrayList.java:1507)
... Removed 27 stack frames]]>
    </failure>
  </testcase> <!-- HRMS -->
  <testcase classname="com.HRMS.testcases.dataProviderTest" name="HRMS" time="9.32"/>
  <testcase classname="com.HRMS.testcases.dataProviderTest" name="HRMS" time="15.91">
    <failure type="org.openqa.selenium.NoSuchElementException" message="Cannot locate an element using id=profile-pic
For documentation on this error, please visit: https://www.seleniumhq.org/exceptions/no_such_element.html
Build info: version: &amp;apos;3.141.59&amp;apos;, revision: &amp;apos;e82be7d358&amp;apos;, time: &amp;apos;2018-11-14T08:17:03&amp;apos;
System info: host: &amp;apos;admins-MacBook-Air.local&amp;apos;, ip: &amp;apos;fe80:0:0:0:c43:ee0:6b18:c317%en0&amp;apos;, os.name: &amp;apos;Mac OS X&amp;apos;, os.arch: &amp;apos;x86_64&amp;apos;, os.version: &amp;apos;10.15.4&amp;apos;, java.version: &amp;apos;13.0.2&amp;apos;
Driver info: driver.version: RemoteWebDriver">
      <![CDATA[org.openqa.selenium.NoSuchElementException: Cannot locate an element using id=profile-pic
For documentation on this error, please visit: https://www.seleniumhq.org/exceptions/no_such_element.html
Build info: version: '3.141.59', revision: 'e82be7d358', time: '2018-11-14T08:17:03'
System info: host: 'admins-MacBook-Air.local', ip: 'fe80:0:0:0:c43:ee0:6b18:c317%en0', os.name: 'Mac OS X', os.arch: 'x86_64', os.version: '10.15.4', java.version: '13.0.2'
Driver info: driver.version: RemoteWebDriver
at org.openqa.selenium.remote.RemoteWebDriver.findElement(RemoteWebDriver.java:327)
at org.openqa.selenium.remote.RemoteWebDriver.findElementById(RemoteWebDriver.java:372)
at org.openqa.selenium.By$ById.findElement(By.java:188)
at org.openqa.selenium.remote.RemoteWebDriver.findElement(RemoteWebDriver.java:315)
at org.openqa.selenium.support.pagefactory.DefaultElementLocator.findElement(DefaultElementLocator.java:69)
at org.openqa.selenium.support.pagefactory.internal.LocatingElementHandler.invoke(LocatingElementHandler.java:38)
at com.sun.proxy.$Proxy13.getText(Unknown Source)
at com.HRMS.pages.addEmployeePage.addEmployee(addEmployeePage.java:85)
at com.HRMS.testcases.dataProviderTest.HRMS(dataProviderTest.java:18)
at java.base/java.util.ArrayList.forEach(ArrayList.java:1507)
... Removed 27 stack frames]]>
    </failure>
  </testcase> <!-- HRMS -->
  <testcase classname="com.HRMS.testcases.dataProviderTest" name="HRMS" time="11.575"/>
</testsuite> <!-- Test -->
